[    30.594] 
X.Org X Server 1.20.11
X Protocol Version 11, Revision 0
[    30.594] Build Operating System: FreeBSD 13.0-RELEASE amd64 
[    30.594] Current Operating System: FreeBSD fbsd 13.0-RELEASE FreeBSD 13.0-RELEASE #0 releng/13.0-n244733-ea31abc261f: Fri Apr  9 04:24:09 UTC 2021     root@releng1.nyi.freebsd.org:/usr/obj/usr/src/amd64.amd64/sys/GENERIC amd64
[    30.594] Build Date: 15 April 2021  08:04:42AM
[    30.594]  
[    30.594] Current version of pixman: 0.40.0
[    30.594] 	Before reporting problems, check http://wiki.x.org
	to make sure that you have the latest version.
[    30.594] Markers: (--) probed, (**) from config file, (==) default setting,
	(++) from command line, (!!) notice, (II) informational,
	(WW) warning, (EE) error, (NI) not implemented, (??) unknown.
[    30.594] (==) Log file: "/var/log/Xorg.0.log", Time: Thu Apr 22 15:38:25 2021
[    30.595] (==) Using config directory: "/usr/local/etc/X11/xorg.conf.d"
[    30.595] (==) Using system config directory "/usr/local/share/X11/xorg.conf.d"
[    30.596] (==) No Layout section.  Using the first Screen section.
[    30.596] (==) No screen section available. Using defaults.
[    30.596] (**) |-->Screen "Default Screen Section" (0)
[    30.596] (**) |   |-->Monitor "<default monitor>"
[    30.596] (==) No device specified for screen "Default Screen Section".
	Using the first device section listed.
[    30.596] (**) |   |-->Device "Card0"
[    30.596] (==) No monitor specified for screen "Default Screen Section".
	Using a default monitor configuration.
[    30.596] (==) Automatically adding devices
[    30.596] (==) Automatically enabling devices
[    30.596] (==) Not automatically adding GPU devices
[    30.597] (==) Max clients allowed: 256, resource mask: 0x1fffff
[    30.600] (==) FontPath set to:
	/usr/local/share/fonts/misc/,
	/usr/local/share/fonts/TTF/,
	/usr/local/share/fonts/OTF/,
	/usr/local/share/fonts/Type1/,
	/usr/local/share/fonts/100dpi/,
	/usr/local/share/fonts/75dpi/,
	catalogue:/usr/local/etc/X11/fontpath.d
[    30.600] (==) ModulePath set to "/usr/local/lib/xorg/modules"
[    30.600] (II) The server relies on udev to provide the list of input devices.
	If no devices become available, reconfigure udev or disable AutoAddDevices.
[    30.600] (II) Loader magic: 0x4359f0
[    30.600] (II) Module ABI versions:
[    30.600] 	X.Org ANSI C Emulation: 0.4
[    30.600] 	X.Org Video Driver: 24.1
[    30.600] 	X.Org XInput driver : 24.1
[    30.600] 	X.Org Server Extension : 10.0
[    30.600] (--) PCI:*(0@0:2:0) 8086:0412:1458:d000 rev 6, Mem @ 0xf7800000/4194304, 0xe0000000/268435456, I/O @ 0x0000f000/64, BIOS @ 0x????????/65536
[    30.600] (II) LoadModule: "glx"
[    30.601] (II) Loading /usr/local/lib/xorg/modules/extensions/libglx.so
[    30.610] (II) Module glx: vendor="X.Org Foundation"
[    30.610] 	compiled for 1.20.11, module version = 1.0.0
[    30.610] 	ABI class: X.Org Server Extension, version 10.0
[    30.610] (II) LoadModule: "intel"
[    30.610] (II) Loading /usr/local/lib/xorg/modules/drivers/intel_drv.so
[    30.613] (II) Module intel: vendor="X.Org Foundation"
[    30.613] 	compiled for 1.20.11, module version = 2.99.917
[    30.613] 	Module class: X.Org Video Driver
[    30.613] 	ABI class: X.Org Video Driver, version 24.1
[    30.613] (II) intel: Driver for Intel(R) Integrated Graphics Chipsets:
	i810, i810-dc100, i810e, i815, i830M, 845G, 854, 852GM/855GM, 865G,
	915G, E7221 (i915), 915GM, 945G, 945GM, 945GME, Pineview GM,
	Pineview G, 965G, G35, 965Q, 946GZ, 965GM, 965GME/GLE, G33, Q35, Q33,
	GM45, 4 Series, G45/G43, Q45/Q43, G41, B43
[    30.613] (II) intel: Driver for Intel(R) HD Graphics
[    30.613] (II) intel: Driver for Intel(R) Iris(TM) Graphics
[    30.613] (II) intel: Driver for Intel(R) Iris(TM) Pro Graphics
[    30.613] (--) Using syscons driver with X support (version 2.0)
[    30.613] (++) using VT number 9

[    30.615] (II) intel(0): Using Kernel Mode Setting driver: i915, version 1.6.0 20190822
[    30.615] (II) intel(0): SNA compiled: 2.99.917-916-g31486f40f8e8
[    30.616] (WW) VGA arbiter: cannot open kernel arbiter, no multi-card support
[    30.616] (--) intel(0): Integrated Graphics Chipset: Intel(R) HD Graphics 4600
[    30.616] (--) intel(0): CPU: x86-64, sse2, sse3, ssse3, sse4.1, sse4.2, avx, avx2; using a maximum of 2 threads
[    30.616] (II) intel(0): Creating default Display subsection in Screen section
	"Default Screen Section" for depth/fbbpp 24/32
[    30.616] (==) intel(0): Depth 24, (--) framebuffer bpp 32
[    30.616] (==) intel(0): RGB weight 888
[    30.616] (==) intel(0): Default visual is TrueColor
[    30.616] (**) intel(0): Option "AccelMethod" "sna"
[    30.616] (**) intel(0): Option "DRI" "3"
[    30.616] (**) intel(0): Option "TearFree" "true"
[    30.617] (II) intel(0): Output VGA-1 using monitor section VGA-1
[    30.617] (**) intel(0): Option "RightOf" "HDMI-1"
[    30.617] (**) intel(0): Option "Primary" "false"
[    30.618] (II) intel(0): Enabled output VGA-1
[    30.618] (II) intel(0): Output HDMI-1 using monitor section HDMI-1
[    30.618] (**) intel(0): Option "PreferredMode" "1920x1080"
[    30.618] (**) intel(0): Option "Position" "0 0"
[    30.618] (**) intel(0): Option "Primary" "true"
[    30.618] (II) intel(0): Enabled output HDMI-1
[    30.618] (II) intel(0): Output HDMI-2 has no monitor section
[    30.618] (II) intel(0): Enabled output HDMI-2
[    30.618] (--) intel(0): Using a maximum size of 256x256 for hardware cursors
[    30.618] (II) intel(0): Output VIRTUAL1 has no monitor section
[    30.618] (II) intel(0): Enabled output VIRTUAL1
[    30.632] (II) intel(0): EDID for output HDMI-1
[    30.632] (II) intel(0): Manufacturer: PHL  Model: c07c  Serial#: 15642
[    30.632] (II) intel(0): Year: 2012  Week: 44
[    30.632] (II) intel(0): EDID Version: 1.3
[    30.632] (II) intel(0): Digital Display Input
[    30.632] (II) intel(0): Max Image Size [cm]: horiz.: 60  vert.: 34
[    30.632] (II) intel(0): Gamma: 2.20
[    30.632] (II) intel(0): DPMS capabilities: Off
[    30.632] (II) intel(0): Supported color encodings: RGB 4:4:4 YCrCb 4:4:4 
[    30.632] (II) intel(0): First detailed timing is preferred mode
[    30.632] (II) intel(0): redX: 0.644 redY: 0.336   greenX: 0.295 greenY: 0.611
[    30.632] (II) intel(0): blueX: 0.146 blueY: 0.070   whiteX: 0.313 whiteY: 0.329
[    30.632] (II) intel(0): Supported established timings:
[    30.632] (II) intel(0): 720x400@70Hz
[    30.632] (II) intel(0): 640x480@60Hz
[    30.632] (II) intel(0): 640x480@67Hz
[    30.632] (II) intel(0): 640x480@72Hz
[    30.632] (II) intel(0): 640x480@75Hz
[    30.632] (II) intel(0): 800x600@60Hz
[    30.632] (II) intel(0): 800x600@75Hz
[    30.632] (II) intel(0): 1024x768@60Hz
[    30.632] (II) intel(0): 1024x768@75Hz
[    30.632] (II) intel(0): 1280x1024@75Hz
[    30.632] (II) intel(0): Manufacturer's mask: 0
[    30.632] (II) intel(0): Supported standard timings:
[    30.632] (II) intel(0): #0: hsize: 1920  vsize 1080  refresh: 60  vid: 49361
[    30.632] (II) intel(0): #1: hsize: 1280  vsize 1024  refresh: 60  vid: 32897
[    30.632] (II) intel(0): #2: hsize: 1440  vsize 900  refresh: 75  vid: 3989
[    30.632] (II) intel(0): #3: hsize: 1440  vsize 900  refresh: 60  vid: 149
[    30.632] (II) intel(0): #4: hsize: 1680  vsize 1050  refresh: 60  vid: 179
[    30.632] (II) intel(0): Supported detailed timing:
[    30.632] (II) intel(0): clock: 148.5 MHz   Image Size:  598 x 336 mm
[    30.632] (II) intel(0): h_active: 1920  h_sync: 2008  h_sync_end 2052 h_blank_end 2200 h_border: 0
[    30.632] (II) intel(0): v_active: 1080  v_sync: 1084  v_sync_end 1089 v_blanking: 1125 v_border: 0
[    30.632] (II) intel(0): Serial No: AU51244015642
[    30.632] (II) intel(0): Monitor name: Philips 273EL
[    30.632] (II) intel(0): Ranges: V min: 56 V max: 76 Hz, H min: 30 H max: 83 kHz, PixClock max 175 MHz
[    30.632] (II) intel(0): EDID (in hex):
[    30.632] (II) intel(0): 	00ffffffffffff00410c7cc01a3d0000
[    30.632] (II) intel(0): 	2c160103803c22782aca45a4564b9c25
[    30.632] (II) intel(0): 	125054bd4b00d1c08180950f9500b300
[    30.632] (II) intel(0): 	010101010101023a801871382d40582c
[    30.632] (II) intel(0): 	450056502100001e000000ff00415535
[    30.632] (II) intel(0): 	31323434303135363432000000fc0050
[    30.632] (II) intel(0): 	68696c69707320323733454c000000fd
[    30.632] (II) intel(0): 	00384c1e5311000a20202020202000bb
[    30.632] (II) intel(0): EDID vendor "PHL", prod id 49276
[    30.632] (II) intel(0): Using EDID range info for horizontal sync
[    30.632] (II) intel(0): Using EDID range info for vertical refresh
[    30.632] (II) intel(0): Printing DDC gathered Modelines:
[    30.632] (II) intel(0): Modeline "1920x1080"x0.0  148.50  1920 2008 2052 2200  1080 1084 1089 1125 +hsync +vsync (67.5 kHz eP)
[    30.632] (II) intel(0): Modeline "800x600"x0.0   40.00  800 840 968 1056  600 601 605 628 +hsync +vsync (37.9 kHz e)
[    30.632] (II) intel(0): Modeline "640x480"x0.0   31.50  640 656 720 840  480 481 484 500 -hsync -vsync (37.5 kHz e)
[    30.632] (II) intel(0): Modeline "640x480"x0.0   31.50  640 664 704 832  480 489 492 520 -hsync -vsync (37.9 kHz e)
[    30.632] (II) intel(0): Modeline "640x480"x0.0   30.24  640 704 768 864  480 483 486 525 -hsync -vsync (35.0 kHz e)
[    30.632] (II) intel(0): Modeline "640x480"x0.0   25.18  640 656 752 800  480 490 492 525 -hsync -vsync (31.5 kHz e)
[    30.632] (II) intel(0): Modeline "720x400"x0.0   28.32  720 738 846 900  400 412 414 449 -hsync +vsync (31.5 kHz e)
[    30.632] (II) intel(0): Modeline "1280x1024"x0.0  135.00  1280 1296 1440 1688  1024 1025 1028 1066 +hsync +vsync (80.0 kHz e)
[    30.632] (II) intel(0): Modeline "1024x768"x0.0   78.75  1024 1040 1136 1312  768 769 772 800 +hsync +vsync (60.0 kHz e)
[    30.632] (II) intel(0): Modeline "1024x768"x0.0   65.00  1024 1048 1184 1344  768 771 777 806 -hsync -vsync (48.4 kHz e)
[    30.633] (II) intel(0): Modeline "800x600"x0.0   49.50  800 816 896 1056  600 601 604 625 +hsync +vsync (46.9 kHz e)
[    30.633] (II) intel(0): Modeline "1280x1024"x0.0  108.00  1280 1328 1440 1688  1024 1025 1028 1066 +hsync +vsync (64.0 kHz e)
[    30.633] (II) intel(0): Modeline "1440x900"x0.0  136.75  1440 1536 1688 1936  900 903 909 942 -hsync +vsync (70.6 kHz e)
[    30.633] (II) intel(0): Modeline "1440x900"x0.0   88.75  1440 1488 1520 1600  900 903 909 926 +hsync -vsync (55.5 kHz e)
[    30.633] (II) intel(0): Modeline "1680x1050"x0.0  119.00  1680 1728 1760 1840  1050 1053 1059 1080 +hsync -vsync (64.7 kHz e)
[    30.633] (II) intel(0): Printing probed modes for output HDMI-1
[    30.633] (II) intel(0): Modeline "1920x1080"x60.0  148.50  1920 2008 2052 2200  1080 1084 1089 1125 +hsync +vsync (67.5 kHz UeP)
[    30.633] (II) intel(0): Modeline "1680x1050"x60.0  119.00  1680 1728 1760 1840  1050 1053 1059 1080 +hsync -vsync (64.7 kHz e)
[    30.633] (II) intel(0): Modeline "1280x1024"x75.0  135.00  1280 1296 1440 1688  1024 1025 1028 1066 +hsync +vsync (80.0 kHz e)
[    30.633] (II) intel(0): Modeline "1280x1024"x60.0  108.00  1280 1328 1440 1688  1024 1025 1028 1066 +hsync +vsync (64.0 kHz e)
[    30.633] (II) intel(0): Modeline "1440x900"x75.0  136.75  1440 1536 1688 1936  900 903 909 942 -hsync +vsync (70.6 kHz e)
[    30.633] (II) intel(0): Modeline "1440x900"x60.0   88.75  1440 1488 1520 1600  900 903 909 926 +hsync -vsync (55.5 kHz e)
[    30.633] (II) intel(0): Modeline "1024x768"x75.0   78.75  1024 1040 1136 1312  768 769 772 800 +hsync +vsync (60.0 kHz e)
[    30.633] (II) intel(0): Modeline "1024x768"x60.0   65.00  1024 1048 1184 1344  768 771 777 806 -hsync -vsync (48.4 kHz e)
[    30.633] (II) intel(0): Modeline "800x600"x75.0   49.50  800 816 896 1056  600 601 604 625 +hsync +vsync (46.9 kHz e)
[    30.633] (II) intel(0): Modeline "800x600"x60.0   40.00  800 840 968 1056  600 601 605 628 +hsync +vsync (37.9 kHz e)
[    30.633] (II) intel(0): Modeline "640x480"x75.0   31.50  640 656 720 840  480 481 484 500 -hsync -vsync (37.5 kHz e)
[    30.633] (II) intel(0): Modeline "640x480"x73.0   31.50  640 664 704 832  480 489 492 520 -hsync -vsync (37.9 kHz e)
[    30.633] (II) intel(0): Modeline "640x480"x67.0   30.24  640 704 768 864  480 483 486 525 -hsync -vsync (35.0 kHz e)
[    30.633] (II) intel(0): Modeline "640x480"x60.0   25.18  640 656 752 800  480 490 492 525 -hsync -vsync (31.5 kHz e)
[    30.633] (II) intel(0): Modeline "720x400"x70.0   28.32  720 738 846 900  400 412 414 449 -hsync +vsync (31.5 kHz e)
[    30.646] (II) intel(0): EDID for output VGA-1
[    30.646] (II) intel(0): Manufacturer: HWP  Model: 2694  Serial#: 16843009
[    30.646] (II) intel(0): Year: 2007  Week: 44
[    30.646] (II) intel(0): EDID Version: 1.3
[    30.646] (II) intel(0): Analog Display Input,  Input Voltage Level: 0.700/0.700 V
[    30.646] (II) intel(0): Sync:  Separate  Composite  SyncOnGreen
[    30.646] (II) intel(0): Max Image Size [cm]: horiz.: 43  vert.: 27
[    30.646] (II) intel(0): Gamma: 2.20
[    30.646] (II) intel(0): DPMS capabilities: StandBy Suspend Off; RGB/Color Display
[    30.646] (II) intel(0): Default color space is primary color space
[    30.646] (II) intel(0): First detailed timing is preferred mode
[    30.646] (II) intel(0): redX: 0.651 redY: 0.333   greenX: 0.277 greenY: 0.614
[    30.646] (II) intel(0): blueX: 0.145 blueY: 0.082   whiteX: 0.313 whiteY: 0.329
[    30.646] (II) intel(0): Supported established timings:
[    30.646] (II) intel(0): 720x400@70Hz
[    30.646] (II) intel(0): 640x480@60Hz
[    30.646] (II) intel(0): 640x480@72Hz
[    30.646] (II) intel(0): 640x480@75Hz
[    30.646] (II) intel(0): 800x600@60Hz
[    30.646] (II) intel(0): 800x600@72Hz
[    30.646] (II) intel(0): 800x600@75Hz
[    30.646] (II) intel(0): 832x624@75Hz
[    30.646] (II) intel(0): 1024x768@60Hz
[    30.646] (II) intel(0): 1024x768@70Hz
[    30.646] (II) intel(0): 1024x768@75Hz
[    30.646] (II) intel(0): 1152x864@75Hz
[    30.646] (II) intel(0): Manufacturer's mask: 0
[    30.646] (II) intel(0): Supported standard timings:
[    30.646] (II) intel(0): #0: hsize: 1280  vsize 1024  refresh: 60  vid: 32897
[    30.646] (II) intel(0): #1: hsize: 1680  vsize 1050  refresh: 60  vid: 179
[    30.646] (II) intel(0): #2: hsize: 1680  vsize 1050  refresh: 75  vid: 4019
[    30.646] (II) intel(0): Supported detailed timing:
[    30.646] (II) intel(0): clock: 146.2 MHz   Image Size:  430 x 270 mm
[    30.646] (II) intel(0): h_active: 1680  h_sync: 1784  h_sync_end 1960 h_blank_end 2240 h_border: 0
[    30.646] (II) intel(0): v_active: 1050  v_sync: 1053  v_sync_end 1059 v_blanking: 1089 v_border: 0
[    30.646] (II) intel(0): Ranges: V min: 50 V max: 76 Hz, H min: 24 H max: 93 kHz, PixClock max 165 MHz
[    30.646] (II) intel(0): Monitor name: HP L2045w
[    30.646] (II) intel(0): Serial No: CZT74402J1
[    30.646] (II) intel(0): EDID (in hex):
[    30.646] (II) intel(0): 	00ffffffffffff0022f0942601010101
[    30.646] (II) intel(0): 	2c1101036e2b1b78eed105a655479d25
[    30.646] (II) intel(0): 	155054adee808180b300b30f01010101
[    30.646] (II) intel(0): 	01010101010121399030621a274068b0
[    30.646] (II) intel(0): 	3600ae0e1100001c000000fd00324c18
[    30.646] (II) intel(0): 	5d10000a202020202020000000fc0048
[    30.646] (II) intel(0): 	50204c32303435770a202020000000ff
[    30.646] (II) intel(0): 	00435a5437343430324a310a2020004d
[    30.646] (II) intel(0): Printing probed modes for output VGA-1
[    30.646] (II) intel(0): Modeline "1680x1050"x60.0  146.25  1680 1784 1960 2240  1050 1053 1059 1089 -hsync +vsync (65.3 kHz eP)
[    30.646] (II) intel(0): Modeline "1280x1024"x60.0  108.00  1280 1328 1440 1688  1024 1025 1028 1066 +hsync +vsync (64.0 kHz e)
[    30.646] (II) intel(0): Modeline "1152x864"x75.0  108.00  1152 1216 1344 1600  864 865 868 900 +hsync +vsync (67.5 kHz e)
[    30.646] (II) intel(0): Modeline "1024x768"x75.0   78.75  1024 1040 1136 1312  768 769 772 800 +hsync +vsync (60.0 kHz e)
[    30.646] (II) intel(0): Modeline "1024x768"x70.0   75.00  1024 1048 1184 1328  768 771 777 806 -hsync -vsync (56.5 kHz e)
[    30.646] (II) intel(0): Modeline "1024x768"x60.0   65.00  1024 1048 1184 1344  768 771 777 806 -hsync -vsync (48.4 kHz e)
[    30.646] (II) intel(0): Modeline "832x624"x75.0   57.28  832 864 928 1152  624 625 628 667 -hsync -vsync (49.7 kHz e)
[    30.646] (II) intel(0): Modeline "800x600"x72.0   50.00  800 856 976 1040  600 637 643 666 +hsync +vsync (48.1 kHz e)
[    30.646] (II) intel(0): Modeline "800x600"x75.0   49.50  800 816 896 1056  600 601 604 625 +hsync +vsync (46.9 kHz e)
[    30.646] (II) intel(0): Modeline "800x600"x60.0   40.00  800 840 968 1056  600 601 605 628 +hsync +vsync (37.9 kHz e)
[    30.646] (II) intel(0): Modeline "640x480"x75.0   31.50  640 656 720 840  480 481 484 500 -hsync -vsync (37.5 kHz e)
[    30.646] (II) intel(0): Modeline "640x480"x73.0   31.50  640 664 704 832  480 489 492 520 -hsync -vsync (37.9 kHz e)
[    30.646] (II) intel(0): Modeline "640x480"x60.0   25.18  640 656 752 800  480 490 492 525 -hsync -vsync (31.5 kHz e)
[    30.646] (II) intel(0): Modeline "720x400"x70.0   28.32  720 738 846 900  400 412 414 449 -hsync +vsync (31.5 kHz e)
[    30.647] (II) intel(0): EDID for output HDMI-2
[    30.647] (II) intel(0): EDID for output VIRTUAL1
[    30.647] (II) intel(0): Output HDMI-1 connected
[    30.647] (II) intel(0): Output VGA-1 connected
[    30.647] (II) intel(0): Output HDMI-2 disconnected
[    30.647] (II) intel(0): Output VIRTUAL1 disconnected
[    30.647] (II) intel(0): Using user preference for initial modes
[    30.647] (II) intel(0): Output HDMI-1 using initial mode 1920x1080 +0+0
[    30.647] (II) intel(0): Output VGA-1 using initial mode 1680x1050 +0+0
[    30.647] (**) intel(0): TearFree enabled
[    30.647] (==) intel(0): Using gamma correction (1.0, 1.0, 1.0)
[    30.647] (**) intel(0): Display dimensions: (600, 340) mm
[    30.647] (**) intel(0): DPI set to (152, 80)
[    30.647] (II) Loading sub module "dri3"
[    30.647] (II) LoadModule: "dri3"
[    30.647] (II) Module "dri3" already built-in
[    30.647] (II) Loading sub module "dri2"
[    30.647] (II) LoadModule: "dri2"
[    30.647] (II) Module "dri2" already built-in
[    30.647] (II) Loading sub module "present"
[    30.647] (II) LoadModule: "present"
[    30.647] (II) Module "present" already built-in
[    30.652] (II) intel(0): SNA initialized with Haswell (gen7.5, gt2) backend
[    30.652] (==) intel(0): Backing store enabled
[    30.652] (==) intel(0): Silken mouse enabled
[    30.652] (II) intel(0): HW Cursor enabled
[    30.653] (==) intel(0): DPMS enabled
[    30.653] (==) intel(0): Display hotplug detection enabled
[    30.653] (II) intel(0): [DRI2] Setup complete
[    30.653] (II) intel(0): [DRI2]   DRI driver: i965
[    30.653] (II) intel(0): [DRI2]   VDPAU driver: va_gl
[    30.653] (II) intel(0): direct rendering: DRI2 DRI3 enabled
[    30.653] (II) intel(0): hardware support for Present enabled
[    30.653] (II) Initializing extension Generic Event Extension
[    30.653] (II) Initializing extension SHAPE
[    30.653] (II) Initializing extension MIT-SHM
[    30.653] (II) Initializing extension XInputExtension
[    30.654] (II) Initializing extension XTEST
[    30.654] (II) Initializing extension BIG-REQUESTS
[    30.654] (II) Initializing extension SYNC
[    30.655] (II) Initializing extension XKEYBOARD
[    30.655] (II) Initializing extension XC-MISC
[    30.655] (II) Initializing extension SECURITY
[    30.655] (II) Initializing extension XFIXES
[    30.655] (II) Initializing extension RENDER
[    30.655] (II) Initializing extension RANDR
[    30.656] (II) Initializing extension COMPOSITE
[    30.656] (II) Initializing extension DAMAGE
[    30.656] (II) Initializing extension MIT-SCREEN-SAVER
[    30.656] (II) Initializing extension DOUBLE-BUFFER
[    30.656] (II) Initializing extension RECORD
[    30.656] (II) Initializing extension DPMS
[    30.657] (II) Initializing extension Present
[    30.657] (II) Initializing extension DRI3
[    30.657] (II) Initializing extension X-Resource
[    30.657] (II) Initializing extension XVideo
[    30.657] (II) Initializing extension XVideo-MotionCompensation
[    30.657] (II) Initializing extension GLX
[    30.688] (II) AIGLX: Loaded and initialized i965
[    30.688] (II) GLX: Initialized DRI2 GL provider for screen 0
[    30.688] (II) Initializing extension XFree86-VidModeExtension
[    30.689] (II) Initializing extension XFree86-DGA
[    30.689] (II) Initializing extension XFree86-DRI
[    30.689] (II) Initializing extension DRI2
[    30.696] (II) intel(0): switch to mode 1920x1080@60.0 on HDMI-1 using pipe 0, position (0, 0), rotation normal, reflection none
[    30.698] (II) intel(0): switch to mode 1680x1050@60.0 on VGA-1 using pipe 1, position (1920, 0), rotation normal, reflection none
[    30.713] (II) intel(0): Setting screen physical size to 952 x 285
[    30.777] (II) config/udev: Adding input device System mouse (/dev/input/event0)
[    30.777] (**) System mouse: Applying InputClass "libinput pointer catchall"
[    30.777] (II) LoadModule: "libinput"
[    30.777] (II) Loading /usr/local/lib/xorg/modules/input/libinput_drv.so
[    30.795] (II) Module libinput: vendor="X.Org Foundation"
[    30.795] 	compiled for 1.20.9, module version = 0.30.0
[    30.795] 	Module class: X.Org XInput Driver
[    30.795] 	ABI class: X.Org XInput driver, version 24.1
[    30.795] (II) Using input driver 'libinput' for 'System mouse'
[    30.795] (**) System mouse: always reports core events
[    30.795] (**) Option "Device" "/dev/input/event0"
[    30.795] (**) Option "_source" "server/udev"
[    30.802] (II) event0  - System mouse: is tagged by udev as: Mouse
[    30.802] (II) event0  - System mouse: device is a pointer
[    30.802] (II) event0  - System mouse: device removed
[    30.802] (**) Option "config_info" "udev:/dev/input/event0"
[    30.802] (II) XINPUT: Adding extended input device "System mouse" (type: MOUSE, id 6)
[    30.803] (**) Option "AccelerationScheme" "none"
[    30.803] (**) System mouse: (accel) selected scheme none/0
[    30.803] (**) System mouse: (accel) acceleration factor: 2.000
[    30.803] (**) System mouse: (accel) acceleration threshold: 4
[    30.803] (II) event0  - System mouse: is tagged by udev as: Mouse
[    30.803] (II) event0  - System mouse: device is a pointer
[    30.803] (II) config/udev: Adding input device System keyboard multiplexer (/dev/input/event1)
[    30.803] (**) System keyboard multiplexer: Applying InputClass "Evdev keyboard"
[    30.803] (**) System keyboard multiplexer: Applying InputClass "libinput keyboard catchall"
[    30.803] (II) Using input driver 'libinput' for 'System keyboard multiplexer'
[    30.803] (**) System keyboard multiplexer: always reports core events
[    30.803] (**) Option "Device" "/dev/input/event1"
[    30.803] (**) Option "_source" "server/udev"
[    30.804] (II) event1  - System keyboard multiplexer: is tagged by udev as: Keyboard
[    30.804] (II) event1  - System keyboard multiplexer: device is a keyboard
[    30.804] (II) event1  - System keyboard multiplexer: device removed
[    30.804] (**) Option "config_info" "udev:/dev/input/event1"
[    30.804] (II) XINPUT: Adding extended input device "System keyboard multiplexer" (type: KEYBOARD, id 7)
[    30.804] (**) Option "xkb_rules" "evdev"
[    30.824] (II) event1  - System keyboard multiplexer: is tagged by udev as: Keyboard
[    30.824] (II) event1  - System keyboard multiplexer: device is a keyboard
[    30.824] (II) config/udev: Adding input device Power Button (/dev/input/event2)
[    30.824] (**) Power Button: Applying InputClass "Evdev keyboard"
[    30.824] (**) Power Button: Applying InputClass "libinput keyboard catchall"
[    30.824] (II) Using input driver 'libinput' for 'Power Button'
[    30.824] (**) Power Button: always reports core events
[    30.824] (**) Option "Device" "/dev/input/event2"
[    30.824] (**) Option "_source" "server/udev"
[    30.824] (II) event2  - Power Button: is tagged by udev as: Keyboard
[    30.824] (II) event2  - Power Button: device is a keyboard
[    30.824] (II) event2  - Power Button: device removed
[    30.825] (**) Option "config_info" "udev:/dev/input/event2"
[    30.825] (II) XINPUT: Adding extended input device "Power Button" (type: KEYBOARD, id 8)
[    30.825] (**) Option "xkb_rules" "evdev"
[    30.825] (II) event2  - Power Button: is tagged by udev as: Keyboard
[    30.825] (II) event2  - Power Button: device is a keyboard
[    30.825] (II) config/udev: Adding input device AT keyboard (/dev/input/event3)
[    30.825] (**) AT keyboard: Applying InputClass "Evdev keyboard"
[    30.825] (**) AT keyboard: Applying InputClass "libinput keyboard catchall"
[    30.825] (II) Using input driver 'libinput' for 'AT keyboard'
[    30.825] (**) AT keyboard: always reports core events
[    30.825] (**) Option "Device" "/dev/input/event3"
[    30.825] (**) Option "_source" "server/udev"
[    30.826] (II) event3  - AT keyboard: is tagged by udev as: Keyboard
[    30.826] (II) event3  - AT keyboard: device is a keyboard
[    30.826] (II) event3  - AT keyboard: device removed
[    30.826] (**) Option "config_info" "udev:/dev/input/event3"
[    30.826] (II) XINPUT: Adding extended input device "AT keyboard" (type: KEYBOARD, id 9)
[    30.826] (**) Option "xkb_rules" "evdev"
[    30.826] (II) event3  - AT keyboard: is tagged by udev as: Keyboard
[    30.826] (II) event3  - AT keyboard: device is a keyboard
[    30.827] (II) config/udev: Adding input device Logitech Gaming Mouse G502 (/dev/input/event4)
[    30.827] (**) Logitech Gaming Mouse G502: Applying InputClass "Evdev keyboard"
[    30.827] (**) Logitech Gaming Mouse G502: Applying InputClass "libinput keyboard catchall"
[    30.827] (II) Using input driver 'libinput' for 'Logitech Gaming Mouse G502'
[    30.827] (**) Logitech Gaming Mouse G502: always reports core events
[    30.827] (**) Option "Device" "/dev/input/event4"
[    30.827] (**) Option "_source" "server/udev"
[    30.827] (II) event4  - Logitech Gaming Mouse G502, class 0/0, rev 2.00/88.02, addr 1: is tagged by udev as: Keyboard
[    30.827] (II) event4  - Logitech Gaming Mouse G502, class 0/0, rev 2.00/88.02, addr 1: device is a keyboard
[    30.828] (II) event4  - Logitech Gaming Mouse G502, class 0/0, rev 2.00/88.02, addr 1: device removed
[    30.828] (**) Option "config_info" "udev:/dev/input/event4"
[    30.828] (II) XINPUT: Adding extended input device "Logitech Gaming Mouse G502" (type: KEYBOARD, id 10)
[    30.828] (**) Option "xkb_rules" "evdev"
[    30.828] (II) event4  - Logitech Gaming Mouse G502, class 0/0, rev 2.00/88.02, addr 1: is tagged by udev as: Keyboard
[    30.828] (II) event4  - Logitech Gaming Mouse G502, class 0/0, rev 2.00/88.02, addr 1: device is a keyboard
[    30.829] (II) config/udev: Adding input device Logitech USB Receiver (/dev/input/event5)
[    30.829] (**) Logitech USB Receiver: Applying InputClass "Evdev keyboard"
[    30.829] (**) Logitech USB Receiver: Applying InputClass "libinput keyboard catchall"
[    30.829] (II) Using input driver 'libinput' for 'Logitech USB Receiver'
[    30.829] (**) Logitech USB Receiver: always reports core events
[    30.829] (**) Option "Device" "/dev/input/event5"
[    30.829] (**) Option "_source" "server/udev"
[    30.829] (II) event5  - Logitech USB Receiver, class 0/0, rev 2.00/12.09, addr 3: is tagged by udev as: Keyboard
[    30.829] (II) event5  - Logitech USB Receiver, class 0/0, rev 2.00/12.09, addr 3: device is a keyboard
[    30.829] (II) event5  - Logitech USB Receiver, class 0/0, rev 2.00/12.09, addr 3: device removed
[    30.829] (**) Option "config_info" "udev:/dev/input/event5"
[    30.829] (II) XINPUT: Adding extended input device "Logitech USB Receiver" (type: KEYBOARD, id 11)
[    30.829] (**) Option "xkb_rules" "evdev"
[    30.830] (II) event5  - Logitech USB Receiver, class 0/0, rev 2.00/12.09, addr 3: is tagged by udev as: Keyboard
[    30.830] (II) event5  - Logitech USB Receiver, class 0/0, rev 2.00/12.09, addr 3: device is a keyboard
[    30.830] (II) config/udev: Adding input device Logitech Gaming Mouse G502 (/dev/input/event6)
[    30.830] (**) Logitech Gaming Mouse G502: Applying InputClass "libinput pointer catchall"
[    30.830] (II) Using input driver 'libinput' for 'Logitech Gaming Mouse G502'
[    30.830] (**) Logitech Gaming Mouse G502: always reports core events
[    30.830] (**) Option "Device" "/dev/input/event6"
[    30.830] (**) Option "_source" "server/udev"
[    30.831] (II) event6  - Logitech Gaming Mouse G502: is tagged by udev as: Mouse
[    30.831] (II) event6  - Logitech Gaming Mouse G502: device is a pointer
[    30.831] (II) event6  - Logitech Gaming Mouse G502: device removed
[    30.832] (**) Option "config_info" "udev:/dev/input/event6"
[    30.832] (II) XINPUT: Adding extended input device "Logitech Gaming Mouse G502" (type: MOUSE, id 12)
[    30.832] (**) Option "AccelerationScheme" "none"
[    30.832] (**) Logitech Gaming Mouse G502: (accel) selected scheme none/0
[    30.832] (**) Logitech Gaming Mouse G502: (accel) acceleration factor: 2.000
[    30.832] (**) Logitech Gaming Mouse G502: (accel) acceleration threshold: 4
[    30.832] (II) event6  - Logitech Gaming Mouse G502: is tagged by udev as: Mouse
[    30.833] (II) event6  - Logitech Gaming Mouse G502: device is a pointer
[    30.833] (II) config/udev: Adding input device Logitech USB Receiver Mouse (/dev/input/event7)
[    30.833] (**) Logitech USB Receiver Mouse: Applying InputClass "libinput pointer catchall"
[    30.833] (II) Using input driver 'libinput' for 'Logitech USB Receiver Mouse'
[    30.833] (**) Logitech USB Receiver Mouse: always reports core events
[    30.833] (**) Option "Device" "/dev/input/event7"
[    30.833] (**) Option "_source" "server/udev"
[    30.833] (II) event7  - Logitech USB Receiver Mouse: is tagged by udev as: Mouse
[    30.834] (II) event7  - Logitech USB Receiver Mouse: device is a pointer
[    30.834] (II) event7  - Logitech USB Receiver Mouse: device removed
[    30.834] (**) Option "config_info" "udev:/dev/input/event7"
[    30.834] (II) XINPUT: Adding extended input device "Logitech USB Receiver Mouse" (type: MOUSE, id 13)
[    30.834] (**) Option "AccelerationScheme" "none"
[    30.834] (**) Logitech USB Receiver Mouse: (accel) selected scheme none/0
[    30.834] (**) Logitech USB Receiver Mouse: (accel) acceleration factor: 2.000
[    30.834] (**) Logitech USB Receiver Mouse: (accel) acceleration threshold: 4
[    30.835] (II) event7  - Logitech USB Receiver Mouse: is tagged by udev as: Mouse
[    30.835] (II) event7  - Logitech USB Receiver Mouse: device is a pointer
[    30.835] (II) config/udev: Adding input device Logitech USB Receiver Consumer Control (/dev/input/event8)
[    30.835] (**) Logitech USB Receiver Consumer Control: Applying InputClass "Evdev keyboard"
[    30.835] (**) Logitech USB Receiver Consumer Control: Applying InputClass "libinput keyboard catchall"
[    30.835] (II) Using input driver 'libinput' for 'Logitech USB Receiver Consumer Control'
[    30.835] (**) Logitech USB Receiver Consumer Control: always reports core events
[    30.835] (**) Option "Device" "/dev/input/event8"
[    30.835] (**) Option "_source" "server/udev"
[    30.836] (II) event8  - Logitech USB Receiver Consumer Control: is tagged by udev as: Keyboard
[    30.836] (II) event8  - Logitech USB Receiver Consumer Control: device is a keyboard
[    30.836] (II) event8  - Logitech USB Receiver Consumer Control: device removed
[    30.836] (**) Option "config_info" "udev:/dev/input/event8"
[    30.836] (II) XINPUT: Adding extended input device "Logitech USB Receiver Consumer Control" (type: KEYBOARD, id 14)
[    30.836] (**) Option "xkb_rules" "evdev"
[    30.837] (II) event8  - Logitech USB Receiver Consumer Control: is tagged by udev as: Keyboard
[    30.837] (II) event8  - Logitech USB Receiver Consumer Control: device is a keyboard
[    30.838] (II) config/udev: Adding input device Logitech USB Receiver System Control (/dev/input/event9)
[    30.838] (**) Logitech USB Receiver System Control: Applying InputClass "Evdev keyboard"
[    30.838] (**) Logitech USB Receiver System Control: Applying InputClass "libinput keyboard catchall"
[    30.838] (II) Using input driver 'libinput' for 'Logitech USB Receiver System Control'
[    30.838] (**) Logitech USB Receiver System Control: always reports core events
[    30.838] (**) Option "Device" "/dev/input/event9"
[    30.838] (**) Option "_source" "server/udev"
[    30.838] (II) event9  - Logitech USB Receiver System Control: is tagged by udev as: Keyboard
[    30.838] (II) event9  - Logitech USB Receiver System Control: device is a keyboard
[    30.839] (II) event9  - Logitech USB Receiver System Control: device removed
[    30.839] (**) Option "config_info" "udev:/dev/input/event9"
[    30.839] (II) XINPUT: Adding extended input device "Logitech USB Receiver System Control" (type: KEYBOARD, id 15)
[    30.839] (**) Option "xkb_rules" "evdev"
[    30.839] (II) event9  - Logitech USB Receiver System Control: is tagged by udev as: Keyboard
[    30.839] (II) event9  - Logitech USB Receiver System Control: device is a keyboard
[    36.514] (II) intel(0): resizing framebuffer to 2970x1680
[    36.548] (II) intel(0): switch to mode 1680x1050@60.0 on VGA-1 using pipe 1, position (1920, 0), rotation left, reflection none
[   110.811] (II) event0  - System mouse: device removed
[   110.811] (II) event1  - System keyboard multiplexer: device removed
[   110.811] (II) event2  - Power Button: device removed
[   110.811] (II) event3  - AT keyboard: device removed
[   110.811] (II) event4  - Logitech Gaming Mouse G502, class 0/0, rev 2.00/88.02, addr 1: device removed
[   110.811] (II) event5  - Logitech USB Receiver, class 0/0, rev 2.00/12.09, addr 3: device removed
[   110.811] (II) event6  - Logitech Gaming Mouse G502: device removed
[   110.812] (II) event7  - Logitech USB Receiver Mouse: device removed
[   110.812] (II) event8  - Logitech USB Receiver Consumer Control: device removed
[   110.812] (II) event9  - Logitech USB Receiver System Control: device removed
[   110.813] (II) UnloadModule: "libinput"
[   110.813] (II) UnloadModule: "libinput"
[   110.813] (II) UnloadModule: "libinput"
[   110.813] (II) UnloadModule: "libinput"
[   110.813] (II) UnloadModule: "libinput"
[   110.813] (II) UnloadModule: "libinput"
[   110.813] (II) UnloadModule: "libinput"
[   110.813] (II) UnloadModule: "libinput"
[   110.813] (II) UnloadModule: "libinput"
[   110.813] (II) UnloadModule: "libinput"
[   110.979] (II) Server terminated successfully (0). Closing log file.
